  [1m[35m (0.1ms)[0m  [1m[34mSELECT sqlite_version(*)[0m
  [1m[35m (1.1ms)[0m  [1m[35mCREATE TABLE "schema_migrations" ("version" varchar NOT NULL PRIMARY KEY)[0m
  [1m[35m (1.0ms)[0m  [1m[35mCREATE TABLE "ar_internal_metadata" ("key" varchar NOT NULL PRIMARY KEY, "value" varchar, "created_at" datetime NOT NULL, "updated_at" datetime NOT NULL)[0m
  [1m[35m (0.2ms)[0m  [1m[34mSELECT "schema_migrations"."version" FROM "schema_migrations" ORDER BY "schema_migrations"."version" ASC[0m
Migrating to DeviseCreateUsers (20171217012059)
  [1m[35m (0.1ms)[0m  [1m[36mbegin transaction[0m
  [1m[35m (0.4ms)[0m  [1m[35mCREATE TABLE "users" ("id" INTEGER PRIMARY KEY AUTOINCREMENT NOT NULL, "email" varchar DEFAULT '' NOT NULL, "encrypted_password" varchar DEFAULT '' NOT NULL, "reset_password_token" varchar, "reset_password_sent_at" datetime, "remember_created_at" datetime, "sign_in_count" integer DEFAULT 0 NOT NULL, "current_sign_in_at" datetime, "last_sign_in_at" datetime, "current_sign_in_ip" varchar, "last_sign_in_ip" varchar, "created_at" datetime NOT NULL, "updated_at" datetime NOT NULL)[0m
  [1m[35m (0.1ms)[0m  [1m[35mCREATE UNIQUE INDEX "index_users_on_email" ON "users" ("email")[0m
  [1m[35m (0.1ms)[0m  [1m[34m            SELECT sql
            FROM sqlite_master
            WHERE name='index_users_on_email' AND type='index'
            UNION ALL
            SELECT sql
            FROM sqlite_temp_master
            WHERE name='index_users_on_email' AND type='index'
[0m
  [1m[35m (0.1ms)[0m  [1m[35mCREATE UNIQUE INDEX "index_users_on_reset_password_token" ON "users" ("reset_password_token")[0m
  [1m[35mSQL (0.1ms)[0m  [1m[32mINSERT INTO "schema_migrations" ("version") VALUES (?)[0m  [["version", "20171217012059"]]
  [1m[35m (0.5ms)[0m  [1m[36mcommit transaction[0m
Migrating to AddFieldsToUsers (20171217012608)
  [1m[35m (0.0ms)[0m  [1m[36mbegin transaction[0m
  [1m[35m (0.3ms)[0m  [1m[35mALTER TABLE "users" ADD "name" varchar[0m
  [1m[35mSQL (0.1ms)[0m  [1m[32mINSERT INTO "schema_migrations" ("version") VALUES (?)[0m  [["version", "20171217012608"]]
  [1m[35m (0.7ms)[0m  [1m[36mcommit transaction[0m
Migrating to CreateShots (20171217012850)
  [1m[35m (0.0ms)[0m  [1m[36mbegin transaction[0m
  [1m[35m (0.2ms)[0m  [1m[35mCREATE TABLE "shots" ("id" INTEGER PRIMARY KEY AUTOINCREMENT NOT NULL, "title" varchar, "description" text, "user_id" integer, "created_at" datetime NOT NULL, "updated_at" datetime NOT NULL)[0m
  [1m[35mSQL (0.1ms)[0m  [1m[32mINSERT INTO "schema_migrations" ("version") VALUES (?)[0m  [["version", "20171217012850"]]
  [1m[35m (0.6ms)[0m  [1m[36mcommit transaction[0m
Migrating to AddUserShotToShots (20171217021014)
  [1m[35m (0.0ms)[0m  [1m[36mbegin transaction[0m
  [1m[35m (0.2ms)[0m  [1m[35mALTER TABLE "shots" ADD "user_shot" varchar[0m
  [1m[35mSQL (0.1ms)[0m  [1m[32mINSERT INTO "schema_migrations" ("version") VALUES (?)[0m  [["version", "20171217021014"]]
  [1m[35m (0.5ms)[0m  [1m[36mcommit transaction[0m
Migrating to CreateComments (20171217152106)
  [1m[35m (0.0ms)[0m  [1m[36mbegin transaction[0m
  [1m[35m (0.2ms)[0m  [1m[35mCREATE TABLE "comments" ("id" INTEGER PRIMARY KEY AUTOINCREMENT NOT NULL, "name" varchar, "response" text, "created_at" datetime NOT NULL, "updated_at" datetime NOT NULL)[0m
  [1m[35mSQL (0.1ms)[0m  [1m[32mINSERT INTO "schema_migrations" ("version") VALUES (?)[0m  [["version", "20171217152106"]]
  [1m[35m (0.6ms)[0m  [1m[36mcommit transaction[0m
Migrating to AddShotIdToComments (20171217152216)
  [1m[35m (0.0ms)[0m  [1m[36mbegin transaction[0m
  [1m[35m (0.2ms)[0m  [1m[35mALTER TABLE "comments" ADD "shot_id" integer[0m
  [1m[35mSQL (0.1ms)[0m  [1m[32mINSERT INTO "schema_migrations" ("version") VALUES (?)[0m  [["version", "20171217152216"]]
  [1m[35m (0.6ms)[0m  [1m[36mcommit transaction[0m
Migrating to AddUserIdToComments (20171217152300)
  [1m[35m (0.0ms)[0m  [1m[36mbegin transaction[0m
  [1m[35m (0.3ms)[0m  [1m[35mALTER TABLE "comments" ADD "user_id" integer[0m
  [1m[35mSQL (0.1ms)[0m  [1m[32mINSERT INTO "schema_migrations" ("version") VALUES (?)[0m  [["version", "20171217152300"]]
  [1m[35m (0.8ms)[0m  [1m[36mcommit transaction[0m
Migrating to CreateImpressionsTable (20171217160217)
  [1m[35m (0.0ms)[0m  [1m[36mbegin transaction[0m
  [1m[35m (0.4ms)[0m  [1m[35mDROP TABLE IF EXISTS "impressions"[0m
  [1m[35m (0.2ms)[0m  [1m[35mCREATE TABLE "impressions" ("id" INTEGER PRIMARY KEY AUTOINCREMENT NOT NULL, "impressionable_type" varchar, "impressionable_id" integer, "user_id" integer, "controller_name" varchar, "action_name" varchar, "view_name" varchar, "request_hash" varchar, "ip_address" varchar, "session_hash" varchar, "message" text, "referrer" text, "params" text, "created_at" datetime NOT NULL, "updated_at" datetime NOT NULL)[0m
  [1m[35m (0.1ms)[0m  [1m[35mCREATE  INDEX "impressionable_type_message_index" ON "impressions" ("impressionable_type", "message", "impressionable_id")[0m
  [1m[35m (0.0ms)[0m  [1m[34m            SELECT sql
            FROM sqlite_master
            WHERE name='impressionable_type_message_index' AND type='index'
            UNION ALL
            SELECT sql
            FROM sqlite_temp_master
            WHERE name='impressionable_type_message_index' AND type='index'
[0m
  [1m[35m (0.1ms)[0m  [1m[35mCREATE  INDEX "poly_request_index" ON "impressions" ("impressionable_type", "impressionable_id", "request_hash")[0m
  [1m[35m (0.0ms)[0m  [1m[34m            SELECT sql
            FROM sqlite_master
            WHERE name='poly_request_index' AND type='index'
            UNION ALL
            SELECT sql
            FROM sqlite_temp_master
            WHERE name='poly_request_index' AND type='index'
[0m
  [1m[35m (0.0ms)[0m  [1m[34m            SELECT sql
            FROM sqlite_master
            WHERE name='impressionable_type_message_index' AND type='index'
            UNION ALL
            SELECT sql
            FROM sqlite_temp_master
            WHERE name='impressionable_type_message_index' AND type='index'
[0m
  [1m[35m (0.1ms)[0m  [1m[35mCREATE  INDEX "poly_ip_index" ON "impressions" ("impressionable_type", "impressionable_id", "ip_address")[0m
  [1m[35m (0.1ms)[0m  [1m[34m            SELECT sql
            FROM sqlite_master
            WHERE name='poly_ip_index' AND type='index'
            UNION ALL
            SELECT sql
            FROM sqlite_temp_master
            WHERE name='poly_ip_index' AND type='index'
[0m
  [1m[35m (0.0ms)[0m  [1m[34m            SELECT sql
            FROM sqlite_master
            WHERE name='poly_request_index' AND type='index'
            UNION ALL
            SELECT sql
            FROM sqlite_temp_master
            WHERE name='poly_request_index' AND type='index'
[0m
  [1m[35m (0.0ms)[0m  [1m[34m            SELECT sql
            FROM sqlite_master
            WHERE name='impressionable_type_message_index' AND type='index'
            UNION ALL
            SELECT sql
            FROM sqlite_temp_master
            WHERE name='impressionable_type_message_index' AND type='index'
[0m
  [1m[35m (0.1ms)[0m  [1m[35mCREATE  INDEX "poly_session_index" ON "impressions" ("impressionable_type", "impressionable_id", "session_hash")[0m
  [1m[35m (0.0ms)[0m  [1m[34m            SELECT sql
            FROM sqlite_master
            WHERE name='poly_session_index' AND type='index'
            UNION ALL
            SELECT sql
            FROM sqlite_temp_master
            WHERE name='poly_session_index' AND type='index'
[0m
  [1m[35m (0.0ms)[0m  [1m[34m            SELECT sql
            FROM sqlite_master
            WHERE name='poly_ip_index' AND type='index'
            UNION ALL
            SELECT sql
            FROM sqlite_temp_master
            WHERE name='poly_ip_index' AND type='index'
[0m
  [1m[35m (0.1ms)[0m  [1m[34m            SELECT sql
            FROM sqlite_master
            WHERE name='poly_request_index' AND type='index'
            UNION ALL
            SELECT sql
            FROM sqlite_temp_master
            WHERE name='poly_request_index' AND type='index'
[0m
  [1m[35m (0.0ms)[0m  [1m[34m            SELECT sql
            FROM sqlite_master
            WHERE name='impressionable_type_message_index' AND type='index'
            UNION ALL
            SELECT sql
            FROM sqlite_temp_master
            WHERE name='impressionable_type_message_index' AND type='index'
[0m
  [1m[35m (0.1ms)[0m  [1m[35mCREATE  INDEX "controlleraction_request_index" ON "impressions" ("controller_name", "action_name", "request_hash")[0m
  [1m[35m (0.0ms)[0m  [1m[34m            SELECT sql
            FROM sqlite_master
            WHERE name='controlleraction_request_index' AND type='index'
            UNION ALL
            SELECT sql
            FROM sqlite_temp_master
            WHERE name='controlleraction_request_index' AND type='index'
[0m
  [1m[35m (0.0ms)[0m  [1m[34m            SELECT sql
            FROM sqlite_master
            WHERE name='poly_session_index' AND type='index'
            UNION ALL
            SELECT sql
            FROM sqlite_temp_master
            WHERE name='poly_session_index' AND type='index'
[0m
  [1m[35m (0.0ms)[0m  [1m[34m            SELECT sql
            FROM sqlite_master
            WHERE name='poly_ip_index' AND type='index'
            UNION ALL
            SELECT sql
            FROM sqlite_temp_master
            WHERE name='poly_ip_index' AND type='index'
[0m
  [1m[35m (0.0ms)[0m  [1m[34m            SELECT sql
            FROM sqlite_master
            WHERE name='poly_request_index' AND type='index'
            UNION ALL
            SELECT sql
            FROM sqlite_temp_master
            WHERE name='poly_request_index' AND type='index'
[0m
  [1m[35m (0.0ms)[0m  [1m[34m            SELECT sql
            FROM sqlite_master
            WHERE name='impressionable_type_message_index' AND type='index'
            UNION ALL
            SELECT sql
            FROM sqlite_temp_master
            WHERE name='impressionable_type_message_index' AND type='index'
[0m
  [1m[35m (0.1ms)[0m  [1m[35mCREATE  INDEX "controlleraction_ip_index" ON "impressions" ("controller_name", "action_name", "ip_address")[0m
  [1m[35m (0.0ms)[0m  [1m[34m            SELECT sql
            FROM sqlite_master
            WHERE name='controlleraction_ip_index' AND type='index'
            UNION ALL
            SELECT sql
            FROM sqlite_temp_master
            WHERE name='controlleraction_ip_index' AND type='index'
[0m
  [1m[35m (0.0ms)[0m  [1m[34m            SELECT sql
            FROM sqlite_master
            WHERE name='controlleraction_request_index' AND type='index'
            UNION ALL
            SELECT sql
            FROM sqlite_temp_master
            WHERE name='controlleraction_request_index' AND type='index'
[0m
  [1m[35m (0.0ms)[0m  [1m[34m            SELECT sql
            FROM sqlite_master
            WHERE name='poly_session_index' AND type='index'
            UNION ALL
            SELECT sql
            FROM sqlite_temp_master
            WHERE name='poly_session_index' AND type='index'
[0m
  [1m[35m (0.0ms)[0m  [1m[34m            SELECT sql
            FROM sqlite_master
            WHERE name='poly_ip_index' AND type='index'
            UNION ALL
            SELECT sql
            FROM sqlite_temp_master
            WHERE name='poly_ip_index' AND type='index'
[0m
  [1m[35m (0.0ms)[0m  [1m[34m            SELECT sql
            FROM sqlite_master
            WHERE name='poly_request_index' AND type='index'
            UNION ALL
            SELECT sql
            FROM sqlite_temp_master
            WHERE name='poly_request_index' AND type='index'
[0m
  [1m[35m (0.1ms)[0m  [1m[34m            SELECT sql
            FROM sqlite_master
            WHERE name='impressionable_type_message_index' AND type='index'
            UNION ALL
            SELECT sql
            FROM sqlite_temp_master
            WHERE name='impressionable_type_message_index' AND type='index'
[0m
  [1m[35m (0.1ms)[0m  [1m[35mCREATE  INDEX "controlleraction_session_index" ON "impressions" ("controller_name", "action_name", "session_hash")[0m
  [1m[35m (0.1ms)[0m  [1m[34m            SELECT sql
            FROM sqlite_master
            WHERE name='controlleraction_session_index' AND type='index'
            UNION ALL
            SELECT sql
            FROM sqlite_temp_master
            WHERE name='controlleraction_session_index' AND type='index'
[0m
  [1m[35m (0.1ms)[0m  [1m[34m            SELECT sql
            FROM sqlite_master
            WHERE name='controlleraction_ip_index' AND type='index'
            UNION ALL
            SELECT sql
            FROM sqlite_temp_master
            WHERE name='controlleraction_ip_index' AND type='index'
[0m
  [1m[35m (0.1ms)[0m  [1m[34m            SELECT sql
            FROM sqlite_master
            WHERE name='controlleraction_request_index' AND type='index'
            UNION ALL
            SELECT sql
            FROM sqlite_temp_master
            WHERE name='controlleraction_request_index' AND type='index'
[0m
  [1m[35m (0.0ms)[0m  [1m[34m            SELECT sql
            FROM sqlite_master
            WHERE name='poly_session_index' AND type='index'
            UNION ALL
            SELECT sql
            FROM sqlite_temp_master
            WHERE name='poly_session_index' AND type='index'
[0m
  [1m[35m (0.1ms)[0m  [1m[34m            SELECT sql
            FROM sqlite_master
            WHERE name='poly_ip_index' AND type='index'
            UNION ALL
            SELECT sql
            FROM sqlite_temp_master
            WHERE name='poly_ip_index' AND type='index'
[0m
  [1m[35m (0.1ms)[0m  [1m[34m            SELECT sql
            FROM sqlite_master
            WHERE name='poly_request_index' AND type='index'
            UNION ALL
            SELECT sql
            FROM sqlite_temp_master
            WHERE name='poly_request_index' AND type='index'
[0m
  [1m[35m (0.1ms)[0m  [1m[34m            SELECT sql
            FROM sqlite_master
            WHERE name='impressionable_type_message_index' AND type='index'
            UNION ALL
            SELECT sql
            FROM sqlite_temp_master
            WHERE name='impressionable_type_message_index' AND type='index'
[0m
  [1m[35m (0.2ms)[0m  [1m[35mCREATE  INDEX "poly_params_request_index" ON "impressions" ("impressionable_type", "impressionable_id", "params")[0m
  [1m[35m (0.1ms)[0m  [1m[34m            SELECT sql
            FROM sqlite_master
            WHERE name='poly_params_request_index' AND type='index'
            UNION ALL
            SELECT sql
            FROM sqlite_temp_master
            WHERE name='poly_params_request_index' AND type='index'
[0m
  [1m[35m (0.1ms)[0m  [1m[34m            SELECT sql
            FROM sqlite_master
            WHERE name='controlleraction_session_index' AND type='index'
            UNION ALL
            SELECT sql
            FROM sqlite_temp_master
            WHERE name='controlleraction_session_index' AND type='index'
[0m
  [1m[35m (0.0ms)[0m  [1m[34m            SELECT sql
            FROM sqlite_master
            WHERE name='controlleraction_ip_index' AND type='index'
            UNION ALL
            SELECT sql
            FROM sqlite_temp_master
            WHERE name='controlleraction_ip_index' AND type='index'
[0m
  [1m[35m (0.0ms)[0m  [1m[34m            SELECT sql
            FROM sqlite_master
            WHERE name='controlleraction_request_index' AND type='index'
            UNION ALL
            SELECT sql
            FROM sqlite_temp_master
            WHERE name='controlleraction_request_index' AND type='index'
[0m
  [1m[35m (0.0ms)[0m  [1m[34m            SELECT sql
            FROM sqlite_master
            WHERE name='poly_session_index' AND type='index'
            UNION ALL
            SELECT sql
            FROM sqlite_temp_master
            WHERE name='poly_session_index' AND type='index'
[0m
  [1m[35m (0.0ms)[0m  [1m[34m            SELECT sql
            FROM sqlite_master
            WHERE name='poly_ip_index' AND type='index'
            UNION ALL
            SELECT sql
            FROM sqlite_temp_master
            WHERE name='poly_ip_index' AND type='index'
[0m
  [1m[35m (0.0ms)[0m  [1m[34m            SELECT sql
            FROM sqlite_master
            WHERE name='poly_request_index' AND type='index'
            UNION ALL
            SELECT sql
            FROM sqlite_temp_master
            WHERE name='poly_request_index' AND type='index'
[0m
  [1m[35m (0.0ms)[0m  [1m[34m            SELECT sql
            FROM sqlite_master
            WHERE name='impressionable_type_message_index' AND type='index'
            UNION ALL
            SELECT sql
            FROM sqlite_temp_master
            WHERE name='impressionable_type_message_index' AND type='index'
[0m
  [1m[35m (0.1ms)[0m  [1m[35mCREATE  INDEX "index_impressions_on_user_id" ON "impressions" ("user_id")[0m
  [1m[35mSQL (0.1ms)[0m  [1m[32mINSERT INTO "schema_migrations" ("version") VALUES (?)[0m  [["version", "20171217160217"]]
  [1m[35m (0.5ms)[0m  [1m[36mcommit transaction[0m
Migrating to ActsAsVotableMigration (20171217161008)
  [1m[35m (0.0ms)[0m  [1m[36mbegin transaction[0m
  [1m[35m (0.2ms)[0m  [1m[35mCREATE TABLE "votes" ("id" INTEGER PRIMARY KEY AUTOINCREMENT NOT NULL, "votable_type" varchar, "votable_id" integer, "voter_type" varchar, "voter_id" integer, "vote_flag" boolean, "vote_scope" varchar, "vote_weight" integer, "created_at" datetime, "updated_at" datetime)[0m
  [1m[35m (0.1ms)[0m  [1m[35mCREATE  INDEX "index_votes_on_voter_id_and_voter_type_and_vote_scope" ON "votes" ("voter_id", "voter_type", "vote_scope")[0m
  [1m[35m (0.1ms)[0m  [1m[34m            SELECT sql
            FROM sqlite_master
            WHERE name='index_votes_on_voter_id_and_voter_type_and_vote_scope' AND type='index'
            UNION ALL
            SELECT sql
            FROM sqlite_temp_master
            WHERE name='index_votes_on_voter_id_and_voter_type_and_vote_scope' AND type='index'
[0m
  [1m[35m (0.1ms)[0m  [1m[35mCREATE  INDEX "index_votes_on_votable_id_and_votable_type_and_vote_scope" ON "votes" ("votable_id", "votable_type", "vote_scope")[0m
  [1m[35mSQL (0.1ms)[0m  [1m[32mINSERT INTO "schema_migrations" ("version") VALUES (?)[0m  [["version", "20171217161008"]]
  [1m[35m (0.7ms)[0m  [1m[36mcommit transaction[0m
  [1m[36mActiveRecord::InternalMetadata Load (0.1ms)[0m  [1m[34mSELECT  "ar_internal_metadata".* FROM "ar_internal_metadata" WHERE "ar_internal_metadata"."key" = ? LIMIT ?[0m  [["key", "environment"], ["LIMIT", 1]]
  [1m[35m (0.0ms)[0m  [1m[36mbegin transaction[0m
  [1m[35mSQL (0.3ms)[0m  [1m[32mINSERT INTO "ar_internal_metadata" ("key", "value", "created_at", "updated_at") VALUES (?, ?, ?, ?)[0m  [["key", "environment"], ["value", "development"], ["created_at", "2018-09-23 13:03:39.348621"], ["updated_at", "2018-09-23 13:03:39.348621"]]
  [1m[35m (0.7ms)[0m  [1m[36mcommit transaction[0m
  [1m[35m (0.1ms)[0m  [1m[34mSELECT "schema_migrations"."version" FROM "schema_migrations" ORDER BY "schema_migrations"."version" ASC[0m
  [1m[35m (0.1ms)[0m  [1m[34m            SELECT sql
            FROM sqlite_master
            WHERE name='index_impressions_on_user_id' AND type='index'
            UNION ALL
            SELECT sql
            FROM sqlite_temp_master
            WHERE name='index_impressions_on_user_id' AND type='index'
[0m
  [1m[35m (0.1ms)[0m  [1m[34m            SELECT sql
            FROM sqlite_master
            WHERE name='poly_params_request_index' AND type='index'
            UNION ALL
            SELECT sql
            FROM sqlite_temp_master
            WHERE name='poly_params_request_index' AND type='index'
[0m
  [1m[35m (0.1ms)[0m  [1m[34m            SELECT sql
            FROM sqlite_master
            WHERE name='controlleraction_session_index' AND type='index'
            UNION ALL
            SELECT sql
            FROM sqlite_temp_master
            WHERE name='controlleraction_session_index' AND type='index'
[0m
  [1m[35m (0.1ms)[0m  [1m[34m            SELECT sql
            FROM sqlite_master
            WHERE name='controlleraction_ip_index' AND type='index'
            UNION ALL
            SELECT sql
            FROM sqlite_temp_master
            WHERE name='controlleraction_ip_index' AND type='index'
[0m
  [1m[35m (0.1ms)[0m  [1m[34m            SELECT sql
            FROM sqlite_master
            WHERE name='controlleraction_request_index' AND type='index'
            UNION ALL
            SELECT sql
            FROM sqlite_temp_master
            WHERE name='controlleraction_request_index' AND type='index'
[0m
  [1m[35m (0.1ms)[0m  [1m[34m            SELECT sql
            FROM sqlite_master
            WHERE name='poly_session_index' AND type='index'
            UNION ALL
            SELECT sql
            FROM sqlite_temp_master
            WHERE name='poly_session_index' AND type='index'
[0m
  [1m[35m (0.1ms)[0m  [1m[34m            SELECT sql
            FROM sqlite_master
            WHERE name='poly_ip_index' AND type='index'
            UNION ALL
            SELECT sql
            FROM sqlite_temp_master
            WHERE name='poly_ip_index' AND type='index'
[0m
  [1m[35m (0.1ms)[0m  [1m[34m            SELECT sql
            FROM sqlite_master
            WHERE name='poly_request_index' AND type='index'
            UNION ALL
            SELECT sql
            FROM sqlite_temp_master
            WHERE name='poly_request_index' AND type='index'
[0m
  [1m[35m (0.1ms)[0m  [1m[34m            SELECT sql
            FROM sqlite_master
            WHERE name='impressionable_type_message_index' AND type='index'
            UNION ALL
            SELECT sql
            FROM sqlite_temp_master
            WHERE name='impressionable_type_message_index' AND type='index'
[0m
  [1m[35m (0.1ms)[0m  [1m[34m            SELECT sql
            FROM sqlite_master
            WHERE name='index_users_on_reset_password_token' AND type='index'
            UNION ALL
            SELECT sql
            FROM sqlite_temp_master
            WHERE name='index_users_on_reset_password_token' AND type='index'
[0m
  [1m[35m (0.1ms)[0m  [1m[34m            SELECT sql
            FROM sqlite_master
            WHERE name='index_users_on_email' AND type='index'
            UNION ALL
            SELECT sql
            FROM sqlite_temp_master
            WHERE name='index_users_on_email' AND type='index'
[0m
  [1m[35m (0.1ms)[0m  [1m[34m            SELECT sql
            FROM sqlite_master
            WHERE name='index_votes_on_votable_id_and_votable_type_and_vote_scope' AND type='index'
            UNION ALL
            SELECT sql
            FROM sqlite_temp_master
            WHERE name='index_votes_on_votable_id_and_votable_type_and_vote_scope' AND type='index'
[0m
  [1m[35m (0.1ms)[0m  [1m[34m            SELECT sql
            FROM sqlite_master
            WHERE name='index_votes_on_voter_id_and_voter_type_and_vote_scope' AND type='index'
            UNION ALL
            SELECT sql
            FROM sqlite_temp_master
            WHERE name='index_votes_on_voter_id_and_voter_type_and_vote_scope' AND type='index'
[0m
Started GET "/" for 127.0.0.1 at 2018-09-23 22:04:06 +0900
  [1m[35m (0.1ms)[0m  [1m[34mSELECT "schema_migrations"."version" FROM "schema_migrations" ORDER BY "schema_migrations"."version" ASC[0m
Processing by ShotsController#index as HTML
  Rendering shots/index.html.erb within layouts/application
  Rendered shots/_hero.html.erb (3.5ms)
  [1m[36mShot Load (0.2ms)[0m  [1m[34mSELECT "shots".* FROM "shots" ORDER BY created_at DESC[0m
  Rendered shots/index.html.erb within layouts/application (8.1ms)
Completed 200 OK in 2698ms (Views: 2661.2ms | ActiveRecord: 0.4ms)


Started GET "/users/sign_in" for 127.0.0.1 at 2018-09-23 22:04:10 +0900
Processing by Devise::SessionsController#new as HTML
  Rendering devise/sessions/new.html.erb within layouts/application
  Rendered devise/shared/_links.html.erb (0.9ms)
  Rendered devise/sessions/new.html.erb within layouts/application (108.3ms)
Completed 200 OK in 144ms (Views: 130.7ms | ActiveRecord: 0.7ms)


Started POST "/users/sign_in" for 127.0.0.1 at 2018-09-23 22:04:12 +0900
Processing by Devise::SessionsController#create as HTML
  Parameters: {"utf8"=>"✓", "authenticity_token"=>"yDnDzK/kBZcRsBCARjvOssUKMOujC6QH4zLpF7Ok3lSuNz6+VSUQHINsdtDFjGCtMGv8NM27rty0PV+zoaqwvw==", "user"=>{"email"=>"hey@gmail.com", "password"=>"[FILTERED]", "remember_me"=>"0"}, "commit"=>"Log in"}
  [1m[36mUser Load (0.6ms)[0m  [1m[34mSELECT  "users".* FROM "users" WHERE "users"."email" = ? ORDER BY "users"."id" ASC LIMIT ?[0m  [["email", "hey@gmail.com"], ["LIMIT", 1]]
Completed 401 Unauthorized in 10ms (ActiveRecord: 0.6ms)


Processing by Devise::SessionsController#new as HTML
  Parameters: {"utf8"=>"✓", "authenticity_token"=>"yDnDzK/kBZcRsBCARjvOssUKMOujC6QH4zLpF7Ok3lSuNz6+VSUQHINsdtDFjGCtMGv8NM27rty0PV+zoaqwvw==", "user"=>{"email"=>"hey@gmail.com", "password"=>"[FILTERED]", "remember_me"=>"0"}, "commit"=>"Log in"}
  Rendering devise/sessions/new.html.erb within layouts/application
  Rendered devise/shared/_links.html.erb (0.7ms)
  Rendered devise/sessions/new.html.erb within layouts/application (6.2ms)
Completed 200 OK in 177ms (Views: 40.2ms | ActiveRecord: 0.0ms)


Started GET "/users/sign_up" for 127.0.0.1 at 2018-09-23 22:04:15 +0900
Processing by RegistrationsController#new as HTML
  Rendering devise/registrations/new.html.erb within layouts/application
  Rendered devise/shared/_links.html.erb (1.1ms)
  Rendered devise/registrations/new.html.erb within layouts/application (13.6ms)
Completed 200 OK in 52ms (Views: 50.1ms | ActiveRecord: 0.0ms)


Started POST "/users" for 127.0.0.1 at 2018-09-23 22:04:25 +0900
Processing by RegistrationsController#create as HTML
  Parameters: {"utf8"=>"✓", "authenticity_token"=>"YWSLuKp6JNb3X/ERbzZ4EDCQCo+PQgk+ipinNYaGPrsZdBbXNVg0ttVo9mGTMGLDn2IQEmPqmNl+IAom7xP4Jw==", "user"=>{"name"=>"john", "email"=>"john@gmail.com", "password"=>"[FILTERED]", "password_confirmation"=>"[FILTERED]"}, "commit"=>"Sign up"}
  [1m[35m (0.1ms)[0m  [1m[36mbegin transaction[0m
  [1m[36mUser Exists (0.2ms)[0m  [1m[34mSELECT  1 AS one FROM "users" WHERE "users"."email" = ? LIMIT ?[0m  [["email", "john@gmail.com"], ["LIMIT", 1]]
  [1m[35mSQL (0.4ms)[0m  [1m[32mINSERT INTO "users" ("email", "encrypted_password", "created_at", "updated_at", "name") VALUES (?, ?, ?, ?, ?)[0m  [["email", "john@gmail.com"], ["encrypted_password", "$2a$11$qmG3qVnlCaNwKKU18DEijeGNol/LE5N4SnFWN/nMT0zq8DGkNb8sW"], ["created_at", "2018-09-23 13:04:25.971368"], ["updated_at", "2018-09-23 13:04:25.971368"], ["name", "john"]]
  [1m[35m (0.6ms)[0m  [1m[36mcommit transaction[0m
  [1m[35m (0.0ms)[0m  [1m[36mbegin transaction[0m
  [1m[35mSQL (0.2ms)[0m  [1m[33mUPDATE "users" SET "sign_in_count" = ?, "current_sign_in_at" = ?, "last_sign_in_at" = ?, "current_sign_in_ip" = ?, "last_sign_in_ip" = ?, "updated_at" = ? WHERE "users"."id" = ?[0m  [["sign_in_count", 1], ["current_sign_in_at", "2018-09-23 13:04:25.973964"], ["last_sign_in_at", "2018-09-23 13:04:25.973964"], ["current_sign_in_ip", "127.0.0.1"], ["last_sign_in_ip", "127.0.0.1"], ["updated_at", "2018-09-23 13:04:25.974317"], ["id", 1]]
  [1m[35m (0.6ms)[0m  [1m[36mcommit transaction[0m
Redirected to http://localhost:3000/
Completed 302 Found in 146ms (ActiveRecord: 2.1ms)


Started GET "/" for 127.0.0.1 at 2018-09-23 22:04:25 +0900
Processing by ShotsController#index as HTML
  Rendering shots/index.html.erb within layouts/application
  [1m[36mUser Load (0.2ms)[0m  [1m[34mSELECT  "users".* FROM "users" WHERE "users"."id" = ? ORDER BY "users"."id" ASC LIMIT ?[0m  [["id", 1], ["LIMIT", 1]]
  Rendered shots/_hero.html.erb (3.1ms)
  [1m[36mShot Load (0.1ms)[0m  [1m[34mSELECT "shots".* FROM "shots" ORDER BY created_at DESC[0m
  Rendered shots/index.html.erb within layouts/application (5.5ms)
Completed 200 OK in 32ms (Views: 30.2ms | ActiveRecord: 0.3ms)


Started GET "/shots/new" for 127.0.0.1 at 2018-09-23 22:04:27 +0900
Processing by ShotsController#new as HTML
  [1m[36mUser Load (0.2ms)[0m  [1m[34mSELECT  "users".* FROM "users" WHERE "users"."id" = ? ORDER BY "users"."id" ASC LIMIT ?[0m  [["id", 1], ["LIMIT", 1]]
  Rendering shots/new.html.erb within layouts/application
  Rendered shots/_form.html.erb (10.0ms)
  Rendered shots/new.html.erb within layouts/application (11.7ms)
Completed 200 OK in 92ms (Views: 43.4ms | ActiveRecord: 0.5ms)


Started GET "/shots/new" for 127.0.0.1 at 2018-09-23 22:05:10 +0900
  [1m[35m (0.1ms)[0m  [1m[34mSELECT "schema_migrations"."version" FROM "schema_migrations" ORDER BY "schema_migrations"."version" ASC[0m
Processing by ShotsController#new as HTML
  [1m[36mUser Load (0.1ms)[0m  [1m[34mSELECT  "users".* FROM "users" WHERE "users"."id" = ? ORDER BY "users"."id" ASC LIMIT ?[0m  [["id", 1], ["LIMIT", 1]]
  Rendering shots/new.html.erb within layouts/application
  Rendered shots/_form.html.erb (34.8ms)
  Rendered shots/new.html.erb within layouts/application (36.5ms)
Completed 200 OK in 321ms (Views: 238.7ms | ActiveRecord: 1.1ms)


Started GET "/shots/new" for 127.0.0.1 at 2018-09-23 22:05:12 +0900
Processing by ShotsController#new as HTML
  [1m[36mUser Load (0.2ms)[0m  [1m[34mSELECT  "users".* FROM "users" WHERE "users"."id" = ? ORDER BY "users"."id" ASC LIMIT ?[0m  [["id", 1], ["LIMIT", 1]]
  Rendering shots/new.html.erb within layouts/application
  Rendered shots/_form.html.erb (3.8ms)
  Rendered shots/new.html.erb within layouts/application (4.9ms)
Completed 200 OK in 35ms (Views: 31.8ms | ActiveRecord: 0.2ms)


Started GET "/shots/new" for 127.0.0.1 at 2018-09-23 22:06:33 +0900
  [1m[35m (0.1ms)[0m  [1m[34mSELECT "schema_migrations"."version" FROM "schema_migrations" ORDER BY "schema_migrations"."version" ASC[0m
Processing by ShotsController#new as HTML
  [1m[36mUser Load (0.1ms)[0m  [1m[34mSELECT  "users".* FROM "users" WHERE "users"."id" = ? ORDER BY "users"."id" ASC LIMIT ?[0m  [["id", 1], ["LIMIT", 1]]
  Rendering shots/new.html.erb within layouts/application
  Rendered shots/_form.html.erb (37.9ms)
  Rendered shots/new.html.erb within layouts/application (40.3ms)
Completed 200 OK in 317ms (Views: 247.1ms | ActiveRecord: 1.4ms)


Started POST "/shots" for 127.0.0.1 at 2018-09-23 22:06:49 +0900
Processing by ShotsController#create as HTML
  Parameters: {"utf8"=>"✓", "authenticity_token"=>"FdcyDXzS1awquyTlYlVebgvtqkeW3HQzRx9duCAPvf411rmW0//E2hXcMEv6h40yQ+D9jRD3+f8OW0q8RYFPpA==", "shot"=>{"user_shot"=>#<ActionDispatch::Http::UploadedFile:0x007fb644945140 @tempfile=#<Tempfile:/var/folders/tb/n89qc6nj7hs783t7t0kdjk0r0000gn/T/RackMultipart20180923-54756-1x0sqt2.jpg>, @original_filename="aerial-view-1082087_640.jpg", @content_type="image/jpeg", @headers="Content-Disposition: form-data; name=\"shot[user_shot]\"; filename=\"aerial-view-1082087_640.jpg\"\r\nContent-Type: image/jpeg\r\n">, "title"=>"Test Shot", "description"=>"Testing 123"}, "commit"=>"Create Shot"}
  [1m[36mUser Load (0.2ms)[0m  [1m[34mSELECT  "users".* FROM "users" WHERE "users"."id" = ? ORDER BY "users"."id" ASC LIMIT ?[0m  [["id", 1], ["LIMIT", 1]]
  [1m[35m (0.1ms)[0m  [1m[36mbegin transaction[0m
  [1m[35mSQL (0.4ms)[0m  [1m[32mINSERT INTO "shots" ("title", "description", "user_id", "created_at", "updated_at", "user_shot") VALUES (?, ?, ?, ?, ?, ?)[0m  [["title", "Test Shot"], ["description", "Testing 123"], ["user_id", 1], ["created_at", "2018-09-23 13:06:49.438402"], ["updated_at", "2018-09-23 13:06:49.438402"], ["user_shot", "aerial-view-1082087_640.jpg"]]
  [1m[35m (0.6ms)[0m  [1m[36mcommit transaction[0m
Redirected to http://localhost:3000/shots/1
Completed 302 Found in 336ms (ActiveRecord: 1.3ms)


Started GET "/shots/1" for 127.0.0.1 at 2018-09-23 22:06:49 +0900
Processing by ShotsController#show as HTML
  Parameters: {"id"=>"1"}
  [1m[36mShot Load (0.3ms)[0m  [1m[34mSELECT  "shots".* FROM "shots" WHERE "shots"."id" = ? LIMIT ?[0m  [["id", 1], ["LIMIT", 1]]
  [1m[36mUser Load (0.2ms)[0m  [1m[34mSELECT  "users".* FROM "users" WHERE "users"."id" = ? ORDER BY "users"."id" ASC LIMIT ?[0m  [["id", 1], ["LIMIT", 1]]
  [1m[36mImpression Exists (0.1ms)[0m  [1m[34mSELECT  1 AS one FROM "impressions" WHERE "impressions"."impressionable_type" = ? AND "impressions"."impressionable_id" = ? AND "impressions"."session_hash" = ? LIMIT ?[0m  [["impressionable_type", "Shot"], ["impressionable_id", 1], ["session_hash", "6772cd3ae996e16ff04a5b1205124066"], ["LIMIT", 1]]
  [1m[35m (0.0ms)[0m  [1m[36mbegin transaction[0m
  [1m[36mShot Load (0.1ms)[0m  [1m[34mSELECT  "shots".* FROM "shots" WHERE "shots"."id" = ? LIMIT ?[0m  [["id", 1], ["LIMIT", 1]]
  [1m[35mSQL (0.4ms)[0m  [1m[32mINSERT INTO "impressions" ("impressionable_type", "impressionable_id", "user_id", "controller_name", "action_name", "request_hash", "ip_address", "session_hash", "referrer", "created_at", "updated_at") VALUES (?, ?, ?, ?, ?, ?, ?, ?, ?, ?, ?)[0m  [["impressionable_type", "Shot"], ["impressionable_id", 1], ["user_id", 1], ["controller_name", "shots"], ["action_name", "show"], ["request_hash", "7e9be30d031cad12a56ce8af6644e4b02d7a871d6b817afb0fa4275c00d8a40c"], ["ip_address", "127.0.0.1"], ["session_hash", "6772cd3ae996e16ff04a5b1205124066"], ["referrer", "http://localhost:3000/shots/new"], ["created_at", "2018-09-23 13:06:49.507707"], ["updated_at", "2018-09-23 13:06:49.507707"]]
  [1m[35m (0.6ms)[0m  [1m[36mcommit transaction[0m
  Rendering shots/show.html.erb within layouts/application
  [1m[36mUser Load (0.1ms)[0m  [1m[34mSELECT  "users".* FROM "users" WHERE "users"."id" = ? LIMIT ?[0m  [["id", 1], ["LIMIT", 1]]
  [1m[35m (0.1ms)[0m  [1m[34mSELECT COUNT(*) FROM "comments" WHERE "comments"."shot_id" = ?[0m  [["shot_id", 1]]
  [1m[36mComment Load (0.1ms)[0m  [1m[34mSELECT "comments".* FROM "comments" WHERE "comments"."shot_id" = ?[0m  [["shot_id", 1]]
  Rendered collection of templates [0 times] (0.0ms)
  Rendered comments/_form.html.erb (32.2ms)
  [1m[35m (0.2ms)[0m  [1m[34mSELECT COUNT(DISTINCT "impressions"."request_hash") FROM "impressions" WHERE "impressions"."impressionable_id" = ? AND "impressions"."impressionable_type" = ?[0m  [["impressionable_id", 1], ["impressionable_type", "Shot"]]
  [1m[35mCACHE  (0.0ms)[0m  [1m[34mSELECT COUNT(*) FROM "comments" WHERE "comments"."shot_id" = ?[0m  [["shot_id", 1]]
  [1m[35m (0.1ms)[0m  [1m[34mSELECT COUNT(*) FROM "votes" WHERE "votes"."voter_id" = ? AND "votes"."voter_type" = ? AND "votes"."votable_id" = ? AND "votes"."votable_type" = ? AND "votes"."vote_scope" IS NULL AND "votes"."vote_flag" = ?[0m  [["voter_id", 1], ["voter_type", "User"], ["votable_id", 1], ["votable_type", "Shot"], ["vote_flag", "t"]]
  [1m[35m (0.1ms)[0m  [1m[34mSELECT COUNT(*) FROM "votes" WHERE "votes"."votable_id" = ? AND "votes"."votable_type" = ? AND "votes"."vote_flag" = ?[0m  [["votable_id", 1], ["votable_type", "Shot"], ["vote_flag", "t"]]
  Rendered shots/show.html.erb within layouts/application (54.2ms)
Completed 200 OK in 119ms (Views: 83.0ms | ActiveRecord: 3.8ms)


Started GET "/shots/1/edit" for 127.0.0.1 at 2018-09-23 22:06:53 +0900
Processing by ShotsController#edit as HTML
  Parameters: {"id"=>"1"}
  [1m[36mShot Load (0.2ms)[0m  [1m[34mSELECT  "shots".* FROM "shots" WHERE "shots"."id" = ? LIMIT ?[0m  [["id", 1], ["LIMIT", 1]]
  [1m[36mUser Load (0.1ms)[0m  [1m[34mSELECT  "users".* FROM "users" WHERE "users"."id" = ? ORDER BY "users"."id" ASC LIMIT ?[0m  [["id", 1], ["LIMIT", 1]]
  Rendering shots/edit.html.erb within layouts/application
  Rendered shots/_form.html.erb (19.4ms)
  Rendered shots/edit.html.erb within layouts/application (21.8ms)
Completed 200 OK in 72ms (Views: 64.6ms | ActiveRecord: 0.3ms)


Started GET "/" for 127.0.0.1 at 2018-09-23 22:06:56 +0900
Processing by ShotsController#index as HTML
  Rendering shots/index.html.erb within layouts/application
  [1m[36mUser Load (0.3ms)[0m  [1m[34mSELECT  "users".* FROM "users" WHERE "users"."id" = ? ORDER BY "users"."id" ASC LIMIT ?[0m  [["id", 1], ["LIMIT", 1]]
  Rendered shots/_hero.html.erb (2.2ms)
  [1m[36mShot Load (0.1ms)[0m  [1m[34mSELECT "shots".* FROM "shots" ORDER BY created_at DESC[0m
  [1m[35m (0.3ms)[0m  [1m[34mSELECT COUNT(DISTINCT "impressions"."request_hash") FROM "impressions" WHERE "impressions"."impressionable_id" = ? AND "impressions"."impressionable_type" = ?[0m  [["impressionable_id", 1], ["impressionable_type", "Shot"]]
  [1m[35m (0.1ms)[0m  [1m[34mSELECT COUNT(*) FROM "comments" WHERE "comments"."shot_id" = ?[0m  [["shot_id", 1]]
  [1m[35m (0.1ms)[0m  [1m[34mSELECT COUNT(*) FROM "votes" WHERE "votes"."voter_id" = ? AND "votes"."voter_type" = ? AND "votes"."votable_id" = ? AND "votes"."votable_type" = ? AND "votes"."vote_scope" IS NULL AND "votes"."vote_flag" = ?[0m  [["voter_id", 1], ["voter_type", "User"], ["votable_id", 1], ["votable_type", "Shot"], ["vote_flag", "t"]]
  [1m[35m (0.1ms)[0m  [1m[34mSELECT COUNT(*) FROM "votes" WHERE "votes"."votable_id" = ? AND "votes"."votable_type" = ? AND "votes"."vote_flag" = ?[0m  [["votable_id", 1], ["votable_type", "Shot"], ["vote_flag", "t"]]
  [1m[36mUser Load (0.1ms)[0m  [1m[34mSELECT  "users".* FROM "users" WHERE "users"."id" = ? LIMIT ?[0m  [["id", 1], ["LIMIT", 1]]
  Rendered shots/index.html.erb within layouts/application (14.9ms)
Completed 200 OK in 58ms (Views: 54.4ms | ActiveRecord: 1.0ms)


Started GET "/shots/1" for 127.0.0.1 at 2018-09-23 22:06:59 +0900
Processing by ShotsController#show as HTML
  Parameters: {"id"=>"1"}
  [1m[36mShot Load (0.2ms)[0m  [1m[34mSELECT  "shots".* FROM "shots" WHERE "shots"."id" = ? LIMIT ?[0m  [["id", 1], ["LIMIT", 1]]
  [1m[36mUser Load (0.2ms)[0m  [1m[34mSELECT  "users".* FROM "users" WHERE "users"."id" = ? ORDER BY "users"."id" ASC LIMIT ?[0m  [["id", 1], ["LIMIT", 1]]
  [1m[36mImpression Exists (0.1ms)[0m  [1m[34mSELECT  1 AS one FROM "impressions" WHERE "impressions"."impressionable_type" = ? AND "impressions"."impressionable_id" = ? AND "impressions"."session_hash" = ? LIMIT ?[0m  [["impressionable_type", "Shot"], ["impressionable_id", 1], ["session_hash", "6772cd3ae996e16ff04a5b1205124066"], ["LIMIT", 1]]
  Rendering shots/show.html.erb within layouts/application
  [1m[36mUser Load (0.1ms)[0m  [1m[34mSELECT  "users".* FROM "users" WHERE "users"."id" = ? LIMIT ?[0m  [["id", 1], ["LIMIT", 1]]
  [1m[35m (0.1ms)[0m  [1m[34mSELECT COUNT(*) FROM "comments" WHERE "comments"."shot_id" = ?[0m  [["shot_id", 1]]
  [1m[36mComment Load (0.2ms)[0m  [1m[34mSELECT "comments".* FROM "comments" WHERE "comments"."shot_id" = ?[0m  [["shot_id", 1]]
  Rendered collection of templates [0 times] (0.0ms)
  Rendered comments/_form.html.erb (7.9ms)
  [1m[35m (0.2ms)[0m  [1m[34mSELECT COUNT(DISTINCT "impressions"."request_hash") FROM "impressions" WHERE "impressions"."impressionable_id" = ? AND "impressions"."impressionable_type" = ?[0m  [["impressionable_id", 1], ["impressionable_type", "Shot"]]
  [1m[35mCACHE  (0.0ms)[0m  [1m[34mSELECT COUNT(*) FROM "comments" WHERE "comments"."shot_id" = ?[0m  [["shot_id", 1]]
  [1m[35m (0.1ms)[0m  [1m[34mSELECT COUNT(*) FROM "votes" WHERE "votes"."voter_id" = ? AND "votes"."voter_type" = ? AND "votes"."votable_id" = ? AND "votes"."votable_type" = ? AND "votes"."vote_scope" IS NULL AND "votes"."vote_flag" = ?[0m  [["voter_id", 1], ["voter_type", "User"], ["votable_id", 1], ["votable_type", "Shot"], ["vote_flag", "t"]]
  [1m[35m (0.1ms)[0m  [1m[34mSELECT COUNT(*) FROM "votes" WHERE "votes"."votable_id" = ? AND "votes"."votable_type" = ? AND "votes"."vote_flag" = ?[0m  [["votable_id", 1], ["votable_type", "Shot"], ["vote_flag", "t"]]
  Rendered shots/show.html.erb within layouts/application (18.3ms)
Completed 200 OK in 50ms (Views: 43.9ms | ActiveRecord: 1.4ms)


Started PUT "/shots/1/like" for 127.0.0.1 at 2018-09-23 22:07:07 +0900
Processing by ShotsController#like as HTML
  Parameters: {"authenticity_token"=>"QuyTM5sLaIwJLVZLRw1qoOBwf7RItpUeBljg+zBA7U5i7RioNCZ5+jZKQuXf37n8qH0ofs6dGNJPHPf/Vc4fFA==", "id"=>"1"}
  [1m[36mShot Load (0.2ms)[0m  [1m[34mSELECT  "shots".* FROM "shots" WHERE "shots"."id" = ? LIMIT ?[0m  [["id", 1], ["LIMIT", 1]]
  [1m[36mUser Load (0.1ms)[0m  [1m[34mSELECT  "users".* FROM "users" WHERE "users"."id" = ? ORDER BY "users"."id" ASC LIMIT ?[0m  [["id", 1], ["LIMIT", 1]]
  [1m[35m (0.1ms)[0m  [1m[34mSELECT COUNT(*) FROM "votes" WHERE "votes"."votable_id" = ? AND "votes"."votable_type" = ? AND "votes"."voter_id" = ? AND "votes"."vote_scope" IS NULL AND "votes"."voter_type" = ?[0m  [["votable_id", 1], ["votable_type", "Shot"], ["voter_id", 1], ["voter_type", "User"]]
  [1m[35m (0.0ms)[0m  [1m[36mbegin transaction[0m
  [1m[35mSQL (0.4ms)[0m  [1m[32mINSERT INTO "votes" ("votable_type", "votable_id", "voter_type", "voter_id", "vote_flag", "vote_weight", "created_at", "updated_at") VALUES (?, ?, ?, ?, ?, ?, ?, ?)[0m  [["votable_type", "Shot"], ["votable_id", 1], ["voter_type", "User"], ["voter_id", 1], ["vote_flag", "t"], ["vote_weight", 1], ["created_at", "2018-09-23 13:07:07.543771"], ["updated_at", "2018-09-23 13:07:07.543771"]]
  [1m[35m (1.1ms)[0m  [1m[36mcommit transaction[0m
Redirected to http://localhost:3000/
Completed 302 Found in 14ms (ActiveRecord: 2.3ms)


Started GET "/" for 127.0.0.1 at 2018-09-23 22:07:07 +0900
Processing by ShotsController#index as HTML
  Rendering shots/index.html.erb within layouts/application
  [1m[36mUser Load (0.2ms)[0m  [1m[34mSELECT  "users".* FROM "users" WHERE "users"."id" = ? ORDER BY "users"."id" ASC LIMIT ?[0m  [["id", 1], ["LIMIT", 1]]
  Rendered shots/_hero.html.erb (1.0ms)
  [1m[36mShot Load (0.1ms)[0m  [1m[34mSELECT "shots".* FROM "shots" ORDER BY created_at DESC[0m
  [1m[35m (0.1ms)[0m  [1m[34mSELECT COUNT(DISTINCT "impressions"."request_hash") FROM "impressions" WHERE "impressions"."impressionable_id" = ? AND "impressions"."impressionable_type" = ?[0m  [["impressionable_id", 1], ["impressionable_type", "Shot"]]
  [1m[35m (0.1ms)[0m  [1m[34mSELECT COUNT(*) FROM "comments" WHERE "comments"."shot_id" = ?[0m  [["shot_id", 1]]
  [1m[35m (0.1ms)[0m  [1m[34mSELECT COUNT(*) FROM "votes" WHERE "votes"."voter_id" = ? AND "votes"."voter_type" = ? AND "votes"."votable_id" = ? AND "votes"."votable_type" = ? AND "votes"."vote_scope" IS NULL AND "votes"."vote_flag" = ?[0m  [["voter_id", 1], ["voter_type", "User"], ["votable_id", 1], ["votable_type", "Shot"], ["vote_flag", "t"]]
  [1m[35m (0.1ms)[0m  [1m[34mSELECT COUNT(*) FROM "votes" WHERE "votes"."votable_id" = ? AND "votes"."votable_type" = ? AND "votes"."vote_flag" = ?[0m  [["votable_id", 1], ["votable_type", "Shot"], ["vote_flag", "t"]]
  [1m[36mUser Load (0.1ms)[0m  [1m[34mSELECT  "users".* FROM "users" WHERE "users"."id" = ? LIMIT ?[0m  [["id", 1], ["LIMIT", 1]]
  Rendered shots/index.html.erb within layouts/application (8.5ms)
Completed 200 OK in 34ms (Views: 31.8ms | ActiveRecord: 0.8ms)


Started PUT "/shots/1/unlike" for 127.0.0.1 at 2018-09-23 22:07:08 +0900
Processing by ShotsController#unlike as HTML
  Parameters: {"authenticity_token"=>"rZC1EszLkUz4ayCjz+xkJjcvbPuZXUEBbbfsHWtkOOyNkT6JY+aAOscMNA1XPrd6fyI7MR92zM0k8/sZDurKtg==", "id"=>"1"}
  [1m[36mShot Load (0.2ms)[0m  [1m[34mSELECT  "shots".* FROM "shots" WHERE "shots"."id" = ? LIMIT ?[0m  [["id", 1], ["LIMIT", 1]]
  [1m[36mUser Load (0.1ms)[0m  [1m[34mSELECT  "users".* FROM "users" WHERE "users"."id" = ? ORDER BY "users"."id" ASC LIMIT ?[0m  [["id", 1], ["LIMIT", 1]]
  [1m[35m (0.1ms)[0m  [1m[34mSELECT COUNT(*) FROM "votes" WHERE "votes"."votable_id" = ? AND "votes"."votable_type" = ? AND "votes"."voter_id" = ? AND "votes"."vote_scope" IS NULL AND "votes"."voter_type" = ?[0m  [["votable_id", 1], ["votable_type", "Shot"], ["voter_id", 1], ["voter_type", "User"]]
  [1m[36mActsAsVotable::Vote Load (0.1ms)[0m  [1m[34mSELECT "votes".* FROM "votes" WHERE "votes"."votable_id" = ? AND "votes"."votable_type" = ? AND "votes"."voter_id" = ? AND "votes"."vote_scope" IS NULL AND "votes"."voter_type" = ?[0m  [["votable_id", 1], ["votable_type", "Shot"], ["voter_id", 1], ["voter_type", "User"]]
  [1m[35m (0.0ms)[0m  [1m[36mbegin transaction[0m
  [1m[35mSQL (0.4ms)[0m  [1m[31mDELETE FROM "votes" WHERE "votes"."id" = ?[0m  [["id", 1]]
  [1m[35m (1.1ms)[0m  [1m[36mcommit transaction[0m
  [1m[35m (0.1ms)[0m  [1m[34mSELECT COUNT(*) FROM "votes" WHERE "votes"."votable_id" = ? AND "votes"."votable_type" = ?[0m  [["votable_id", 1], ["votable_type", "Shot"]]
Redirected to http://localhost:3000/
Completed 302 Found in 7ms (ActiveRecord: 2.0ms)


Started GET "/" for 127.0.0.1 at 2018-09-23 22:07:08 +0900
Processing by ShotsController#index as HTML
  Rendering shots/index.html.erb within layouts/application
  [1m[36mUser Load (0.2ms)[0m  [1m[34mSELECT  "users".* FROM "users" WHERE "users"."id" = ? ORDER BY "users"."id" ASC LIMIT ?[0m  [["id", 1], ["LIMIT", 1]]
  Rendered shots/_hero.html.erb (1.0ms)
  [1m[36mShot Load (0.1ms)[0m  [1m[34mSELECT "shots".* FROM "shots" ORDER BY created_at DESC[0m
  [1m[35m (0.1ms)[0m  [1m[34mSELECT COUNT(DISTINCT "impressions"."request_hash") FROM "impressions" WHERE "impressions"."impressionable_id" = ? AND "impressions"."impressionable_type" = ?[0m  [["impressionable_id", 1], ["impressionable_type", "Shot"]]
  [1m[35m (0.1ms)[0m  [1m[34mSELECT COUNT(*) FROM "comments" WHERE "comments"."shot_id" = ?[0m  [["shot_id", 1]]
  [1m[35m (0.1ms)[0m  [1m[34mSELECT COUNT(*) FROM "votes" WHERE "votes"."voter_id" = ? AND "votes"."voter_type" = ? AND "votes"."votable_id" = ? AND "votes"."votable_type" = ? AND "votes"."vote_scope" IS NULL AND "votes"."vote_flag" = ?[0m  [["voter_id", 1], ["voter_type", "User"], ["votable_id", 1], ["votable_type", "Shot"], ["vote_flag", "t"]]
  [1m[35m (0.1ms)[0m  [1m[34mSELECT COUNT(*) FROM "votes" WHERE "votes"."votable_id" = ? AND "votes"."votable_type" = ? AND "votes"."vote_flag" = ?[0m  [["votable_id", 1], ["votable_type", "Shot"], ["vote_flag", "t"]]
  [1m[36mUser Load (0.1ms)[0m  [1m[34mSELECT  "users".* FROM "users" WHERE "users"."id" = ? LIMIT ?[0m  [["id", 1], ["LIMIT", 1]]
  Rendered shots/index.html.erb within layouts/application (8.0ms)
Completed 200 OK in 38ms (Views: 35.7ms | ActiveRecord: 0.7ms)


Started GET "/users/edit" for 127.0.0.1 at 2018-09-23 22:07:11 +0900
Processing by RegistrationsController#edit as HTML
  [1m[36mUser Load (0.2ms)[0m  [1m[34mSELECT  "users".* FROM "users" WHERE "users"."id" = ? ORDER BY "users"."id" ASC LIMIT ?[0m  [["id", 1], ["LIMIT", 1]]
  Rendering devise/registrations/edit.html.erb within layouts/application
  Rendered devise/registrations/edit.html.erb within layouts/application (7.0ms)
Completed 200 OK in 39ms (Views: 36.7ms | ActiveRecord: 0.2ms)


Started DELETE "/users/sign_out" for 127.0.0.1 at 2018-09-23 22:07:17 +0900
Processing by Devise::SessionsController#destroy as HTML
  Parameters: {"authenticity_token"=>"5WFGucCHF8vd/maAGalGagLZ9GKfUlViHEXFpmrI1sDFYM0ib6oGveKZci6Be5U2StSjqBl52K5VAdKiD0Ykmg=="}
  [1m[36mUser Load (0.2ms)[0m  [1m[34mSELECT  "users".* FROM "users" WHERE "users"."id" = ? ORDER BY "users"."id" ASC LIMIT ?[0m  [["id", 1], ["LIMIT", 1]]
  [1m[35m (0.0ms)[0m  [1m[36mbegin transaction[0m
  [1m[35m (0.0ms)[0m  [1m[36mcommit transaction[0m
Redirected to http://localhost:3000/
Completed 302 Found in 8ms (ActiveRecord: 0.3ms)


Started GET "/" for 127.0.0.1 at 2018-09-23 22:07:17 +0900
Processing by ShotsController#index as HTML
  Rendering shots/index.html.erb within layouts/application
  Rendered shots/_hero.html.erb (3.9ms)
  [1m[36mShot Load (0.1ms)[0m  [1m[34mSELECT "shots".* FROM "shots" ORDER BY created_at DESC[0m
  [1m[35m (0.1ms)[0m  [1m[34mSELECT COUNT(DISTINCT "impressions"."request_hash") FROM "impressions" WHERE "impressions"."impressionable_id" = ? AND "impressions"."impressionable_type" = ?[0m  [["impressionable_id", 1], ["impressionable_type", "Shot"]]
  [1m[35m (0.1ms)[0m  [1m[34mSELECT COUNT(*) FROM "comments" WHERE "comments"."shot_id" = ?[0m  [["shot_id", 1]]
  [1m[35m (0.1ms)[0m  [1m[34mSELECT COUNT(*) FROM "votes" WHERE "votes"."votable_id" = ? AND "votes"."votable_type" = ? AND "votes"."vote_flag" = ?[0m  [["votable_id", 1], ["votable_type", "Shot"], ["vote_flag", "t"]]
  [1m[36mUser Load (0.1ms)[0m  [1m[34mSELECT  "users".* FROM "users" WHERE "users"."id" = ? LIMIT ?[0m  [["id", 1], ["LIMIT", 1]]
  Rendered shots/index.html.erb within layouts/application (10.8ms)
Completed 200 OK in 41ms (Views: 39.3ms | ActiveRecord: 0.6ms)


Started GET "/" for 127.0.0.1 at 2018-09-23 22:11:00 +0900
Processing by ShotsController#index as HTML
  Rendering shots/index.html.erb within layouts/application
  Rendered shots/_hero.html.erb (0.9ms)
  [1m[36mShot Load (0.2ms)[0m  [1m[34mSELECT "shots".* FROM "shots" ORDER BY created_at DESC[0m
  [1m[35m (0.2ms)[0m  [1m[34mSELECT COUNT(DISTINCT "impressions"."request_hash") FROM "impressions" WHERE "impressions"."impressionable_id" = ? AND "impressions"."impressionable_type" = ?[0m  [["impressionable_id", 1], ["impressionable_type", "Shot"]]
  [1m[35m (0.1ms)[0m  [1m[34mSELECT COUNT(*) FROM "comments" WHERE "comments"."shot_id" = ?[0m  [["shot_id", 1]]
  [1m[35m (0.1ms)[0m  [1m[34mSELECT COUNT(*) FROM "votes" WHERE "votes"."votable_id" = ? AND "votes"."votable_type" = ? AND "votes"."vote_flag" = ?[0m  [["votable_id", 1], ["votable_type", "Shot"], ["vote_flag", "t"]]
  [1m[36mUser Load (0.1ms)[0m  [1m[34mSELECT  "users".* FROM "users" WHERE "users"."id" = ? LIMIT ?[0m  [["id", 1], ["LIMIT", 1]]
  Rendered shots/index.html.erb within layouts/application (8.0ms)
Completed 200 OK in 43ms (Views: 40.2ms | ActiveRecord: 0.7ms)


  [1m[35m (0.2ms)[0m  [1m[34mSELECT "schema_migrations"."version" FROM "schema_migrations" ORDER BY "schema_migrations"."version" ASC[0m
  [1m[36mActiveRecord::InternalMetadata Load (0.1ms)[0m  [1m[34mSELECT  "ar_internal_metadata".* FROM "ar_internal_metadata" WHERE "ar_internal_metadata"."key" = ? LIMIT ?[0m  [["key", "environment"], ["LIMIT", 1]]
  [1m[35m (0.0ms)[0m  [1m[36mbegin transaction[0m
  [1m[35m (0.0ms)[0m  [1m[36mcommit transaction[0m
  [1m[35m (0.1ms)[0m  [1m[34mSELECT "schema_migrations"."version" FROM "schema_migrations" ORDER BY "schema_migrations"."version" ASC[0m
  [1m[35m (0.1ms)[0m  [1m[34m            SELECT sql
            FROM sqlite_master
            WHERE name='index_impressions_on_user_id' AND type='index'
            UNION ALL
            SELECT sql
            FROM sqlite_temp_master
            WHERE name='index_impressions_on_user_id' AND type='index'
[0m
  [1m[35m (0.1ms)[0m  [1m[34m            SELECT sql
            FROM sqlite_master
            WHERE name='poly_params_request_index' AND type='index'
            UNION ALL
            SELECT sql
            FROM sqlite_temp_master
            WHERE name='poly_params_request_index' AND type='index'
[0m
  [1m[35m (0.1ms)[0m  [1m[34m            SELECT sql
            FROM sqlite_master
            WHERE name='controlleraction_session_index' AND type='index'
            UNION ALL
            SELECT sql
            FROM sqlite_temp_master
            WHERE name='controlleraction_session_index' AND type='index'
[0m
  [1m[35m (0.1ms)[0m  [1m[34m            SELECT sql
            FROM sqlite_master
            WHERE name='controlleraction_ip_index' AND type='index'
            UNION ALL
            SELECT sql
            FROM sqlite_temp_master
            WHERE name='controlleraction_ip_index' AND type='index'
[0m
  [1m[35m (0.1ms)[0m  [1m[34m            SELECT sql
            FROM sqlite_master
            WHERE name='controlleraction_request_index' AND type='index'
            UNION ALL
            SELECT sql
            FROM sqlite_temp_master
            WHERE name='controlleraction_request_index' AND type='index'
[0m
  [1m[35m (0.1ms)[0m  [1m[34m            SELECT sql
            FROM sqlite_master
            WHERE name='poly_session_index' AND type='index'
            UNION ALL
            SELECT sql
            FROM sqlite_temp_master
            WHERE name='poly_session_index' AND type='index'
[0m
  [1m[35m (0.1ms)[0m  [1m[34m            SELECT sql
            FROM sqlite_master
            WHERE name='poly_ip_index' AND type='index'
            UNION ALL
            SELECT sql
            FROM sqlite_temp_master
            WHERE name='poly_ip_index' AND type='index'
[0m
  [1m[35m (0.1ms)[0m  [1m[34m            SELECT sql
            FROM sqlite_master
            WHERE name='poly_request_index' AND type='index'
            UNION ALL
            SELECT sql
            FROM sqlite_temp_master
            WHERE name='poly_request_index' AND type='index'
[0m
  [1m[35m (0.1ms)[0m  [1m[34m            SELECT sql
            FROM sqlite_master
            WHERE name='impressionable_type_message_index' AND type='index'
            UNION ALL
            SELECT sql
            FROM sqlite_temp_master
            WHERE name='impressionable_type_message_index' AND type='index'
[0m
  [1m[35m (0.1ms)[0m  [1m[34m            SELECT sql
            FROM sqlite_master
            WHERE name='index_users_on_reset_password_token' AND type='index'
            UNION ALL
            SELECT sql
            FROM sqlite_temp_master
            WHERE name='index_users_on_reset_password_token' AND type='index'
[0m
  [1m[35m (0.1ms)[0m  [1m[34m            SELECT sql
            FROM sqlite_master
            WHERE name='index_users_on_email' AND type='index'
            UNION ALL
            SELECT sql
            FROM sqlite_temp_master
            WHERE name='index_users_on_email' AND type='index'
[0m
  [1m[35m (0.1ms)[0m  [1m[34m            SELECT sql
            FROM sqlite_master
            WHERE name='index_votes_on_votable_id_and_votable_type_and_vote_scope' AND type='index'
            UNION ALL
            SELECT sql
            FROM sqlite_temp_master
            WHERE name='index_votes_on_votable_id_and_votable_type_and_vote_scope' AND type='index'
[0m
  [1m[35m (0.1ms)[0m  [1m[34m            SELECT sql
            FROM sqlite_master
            WHERE name='index_votes_on_voter_id_and_voter_type_and_vote_scope' AND type='index'
            UNION ALL
            SELECT sql
            FROM sqlite_temp_master
            WHERE name='index_votes_on_voter_id_and_voter_type_and_vote_scope' AND type='index'
[0m
  [1m[35m (0.1ms)[0m  [1m[34mSELECT "schema_migrations"."version" FROM "schema_migrations" ORDER BY "schema_migrations"."version" ASC[0m
  [1m[36mActiveRecord::InternalMetadata Load (0.1ms)[0m  [1m[34mSELECT  "ar_internal_metadata".* FROM "ar_internal_metadata" WHERE "ar_internal_metadata"."key" = ? LIMIT ?[0m  [["key", "environment"], ["LIMIT", 1]]
  [1m[35m (0.0ms)[0m  [1m[36mbegin transaction[0m
  [1m[35m (0.1ms)[0m  [1m[36mcommit transaction[0m
  [1m[35m (0.1ms)[0m  [1m[34mSELECT "schema_migrations"."version" FROM "schema_migrations" ORDER BY "schema_migrations"."version" ASC[0m
  [1m[35m (0.1ms)[0m  [1m[34m            SELECT sql
            FROM sqlite_master
            WHERE name='index_impressions_on_user_id' AND type='index'
            UNION ALL
            SELECT sql
            FROM sqlite_temp_master
            WHERE name='index_impressions_on_user_id' AND type='index'
[0m
  [1m[35m (0.1ms)[0m  [1m[34m            SELECT sql
            FROM sqlite_master
            WHERE name='poly_params_request_index' AND type='index'
            UNION ALL
            SELECT sql
            FROM sqlite_temp_master
            WHERE name='poly_params_request_index' AND type='index'
[0m
  [1m[35m (0.1ms)[0m  [1m[34m            SELECT sql
            FROM sqlite_master
            WHERE name='controlleraction_session_index' AND type='index'
            UNION ALL
            SELECT sql
            FROM sqlite_temp_master
            WHERE name='controlleraction_session_index' AND type='index'
[0m
  [1m[35m (0.1ms)[0m  [1m[34m            SELECT sql
            FROM sqlite_master
            WHERE name='controlleraction_ip_index' AND type='index'
            UNION ALL
            SELECT sql
            FROM sqlite_temp_master
            WHERE name='controlleraction_ip_index' AND type='index'
[0m
  [1m[35m (0.1ms)[0m  [1m[34m            SELECT sql
            FROM sqlite_master
            WHERE name='controlleraction_request_index' AND type='index'
            UNION ALL
            SELECT sql
            FROM sqlite_temp_master
            WHERE name='controlleraction_request_index' AND type='index'
[0m
  [1m[35m (0.1ms)[0m  [1m[34m            SELECT sql
            FROM sqlite_master
            WHERE name='poly_session_index' AND type='index'
            UNION ALL
            SELECT sql
            FROM sqlite_temp_master
            WHERE name='poly_session_index' AND type='index'
[0m
  [1m[35m (0.1ms)[0m  [1m[34m            SELECT sql
            FROM sqlite_master
            WHERE name='poly_ip_index' AND type='index'
            UNION ALL
            SELECT sql
            FROM sqlite_temp_master
            WHERE name='poly_ip_index' AND type='index'
[0m
  [1m[35m (0.1ms)[0m  [1m[34m            SELECT sql
            FROM sqlite_master
            WHERE name='poly_request_index' AND type='index'
            UNION ALL
            SELECT sql
            FROM sqlite_temp_master
            WHERE name='poly_request_index' AND type='index'
[0m
  [1m[35m (0.1ms)[0m  [1m[34m            SELECT sql
            FROM sqlite_master
            WHERE name='impressionable_type_message_index' AND type='index'
            UNION ALL
            SELECT sql
            FROM sqlite_temp_master
            WHERE name='impressionable_type_message_index' AND type='index'
[0m
  [1m[35m (0.1ms)[0m  [1m[34m            SELECT sql
            FROM sqlite_master
            WHERE name='index_users_on_reset_password_token' AND type='index'
            UNION ALL
            SELECT sql
            FROM sqlite_temp_master
            WHERE name='index_users_on_reset_password_token' AND type='index'
[0m
  [1m[35m (0.1ms)[0m  [1m[34m            SELECT sql
            FROM sqlite_master
            WHERE name='index_users_on_email' AND type='index'
            UNION ALL
            SELECT sql
            FROM sqlite_temp_master
            WHERE name='index_users_on_email' AND type='index'
[0m
  [1m[35m (0.1ms)[0m  [1m[34m            SELECT sql
            FROM sqlite_master
            WHERE name='index_votes_on_votable_id_and_votable_type_and_vote_scope' AND type='index'
            UNION ALL
            SELECT sql
            FROM sqlite_temp_master
            WHERE name='index_votes_on_votable_id_and_votable_type_and_vote_scope' AND type='index'
[0m
  [1m[35m (0.1ms)[0m  [1m[34m            SELECT sql
            FROM sqlite_master
            WHERE name='index_votes_on_voter_id_and_voter_type_and_vote_scope' AND type='index'
            UNION ALL
            SELECT sql
            FROM sqlite_temp_master
            WHERE name='index_votes_on_voter_id_and_voter_type_and_vote_scope' AND type='index'
[0m
Started GET "/" for 127.0.0.1 at 2018-09-23 22:25:59 +0900
  [1m[35m (0.1ms)[0m  [1m[34mSELECT "schema_migrations"."version" FROM "schema_migrations" ORDER BY "schema_migrations"."version" ASC[0m
Processing by ShotsController#index as HTML
  Rendering shots/index.html.erb within layouts/application
  Rendered shots/_hero.html.erb (3.4ms)
  [1m[36mShot Load (0.2ms)[0m  [1m[34mSELECT "shots".* FROM "shots" ORDER BY created_at DESC[0m
  [1m[35m (0.2ms)[0m  [1m[34mSELECT COUNT(DISTINCT "impressions"."request_hash") FROM "impressions" WHERE "impressions"."impressionable_id" = ? AND "impressions"."impressionable_type" = ?[0m  [["impressionable_id", 1], ["impressionable_type", "Shot"]]
  [1m[35m (0.1ms)[0m  [1m[34mSELECT COUNT(*) FROM "comments" WHERE "comments"."shot_id" = ?[0m  [["shot_id", 1]]
  [1m[35m (0.1ms)[0m  [1m[34mSELECT COUNT(*) FROM "votes" WHERE "votes"."votable_id" = ? AND "votes"."votable_type" = ? AND "votes"."vote_flag" = ?[0m  [["votable_id", 1], ["votable_type", "Shot"], ["vote_flag", "t"]]
  [1m[36mUser Load (0.1ms)[0m  [1m[34mSELECT  "users".* FROM "users" WHERE "users"."id" = ? LIMIT ?[0m  [["id", 1], ["LIMIT", 1]]
  Rendered shots/index.html.erb within layouts/application (46.6ms)
Completed 200 OK in 261ms (Views: 238.3ms | ActiveRecord: 2.1ms)


Started GET "/" for 127.0.0.1 at 2018-09-23 22:26:02 +0900
Processing by ShotsController#index as HTML
  Rendering shots/index.html.erb within layouts/application
  Rendered shots/_hero.html.erb (0.5ms)
  [1m[36mShot Load (0.1ms)[0m  [1m[34mSELECT "shots".* FROM "shots" ORDER BY created_at DESC[0m
  [1m[35m (0.1ms)[0m  [1m[34mSELECT COUNT(DISTINCT "impressions"."request_hash") FROM "impressions" WHERE "impressions"."impressionable_id" = ? AND "impressions"."impressionable_type" = ?[0m  [["impressionable_id", 1], ["impressionable_type", "Shot"]]
  [1m[35m (0.1ms)[0m  [1m[34mSELECT COUNT(*) FROM "comments" WHERE "comments"."shot_id" = ?[0m  [["shot_id", 1]]
  [1m[35m (0.1ms)[0m  [1m[34mSELECT COUNT(*) FROM "votes" WHERE "votes"."votable_id" = ? AND "votes"."votable_type" = ? AND "votes"."vote_flag" = ?[0m  [["votable_id", 1], ["votable_type", "Shot"], ["vote_flag", "t"]]
  [1m[36mUser Load (0.1ms)[0m  [1m[34mSELECT  "users".* FROM "users" WHERE "users"."id" = ? LIMIT ?[0m  [["id", 1], ["LIMIT", 1]]
  Rendered shots/index.html.erb within layouts/application (7.5ms)
Completed 200 OK in 33ms (Views: 30.6ms | ActiveRecord: 0.6ms)


Started GET "/" for 127.0.0.1 at 2018-09-23 22:26:24 +0900
  [1m[35m (0.1ms)[0m  [1m[34mSELECT "schema_migrations"."version" FROM "schema_migrations" ORDER BY "schema_migrations"."version" ASC[0m
Processing by ShotsController#index as HTML
  Rendering shots/index.html.erb within layouts/application
  Rendered shots/_hero.html.erb (3.4ms)
  [1m[36mShot Load (0.2ms)[0m  [1m[34mSELECT "shots".* FROM "shots" ORDER BY created_at DESC[0m
  [1m[35m (0.2ms)[0m  [1m[34mSELECT COUNT(DISTINCT "impressions"."request_hash") FROM "impressions" WHERE "impressions"."impressionable_id" = ? AND "impressions"."impressionable_type" = ?[0m  [["impressionable_id", 1], ["impressionable_type", "Shot"]]
  [1m[35m (0.1ms)[0m  [1m[34mSELECT COUNT(*) FROM "comments" WHERE "comments"."shot_id" = ?[0m  [["shot_id", 1]]
  [1m[35m (0.2ms)[0m  [1m[34mSELECT COUNT(*) FROM "votes" WHERE "votes"."votable_id" = ? AND "votes"."votable_type" = ? AND "votes"."vote_flag" = ?[0m  [["votable_id", 1], ["votable_type", "Shot"], ["vote_flag", "t"]]
  [1m[36mUser Load (0.1ms)[0m  [1m[34mSELECT  "users".* FROM "users" WHERE "users"."id" = ? LIMIT ?[0m  [["id", 1], ["LIMIT", 1]]
  Rendered shots/index.html.erb within layouts/application (56.0ms)
Completed 200 OK in 343ms (Views: 302.8ms | ActiveRecord: 2.9ms)


Started GET "/" for 127.0.0.1 at 2018-09-23 22:39:18 +0900
  [1m[35m (0.1ms)[0m  [1m[34mSELECT "schema_migrations"."version" FROM "schema_migrations" ORDER BY "schema_migrations"."version" ASC[0m
Processing by ShotsController#index as HTML
  Rendering shots/index.html.erb within layouts/application
  Rendered shots/_hero.html.erb (4.0ms)
  [1m[36mShot Load (0.2ms)[0m  [1m[34mSELECT "shots".* FROM "shots" ORDER BY created_at DESC[0m
  [1m[35m (0.2ms)[0m  [1m[34mSELECT COUNT(DISTINCT "impressions"."request_hash") FROM "impressions" WHERE "impressions"."impressionable_id" = ? AND "impressions"."impressionable_type" = ?[0m  [["impressionable_id", 1], ["impressionable_type", "Shot"]]
  [1m[35m (0.1ms)[0m  [1m[34mSELECT COUNT(*) FROM "comments" WHERE "comments"."shot_id" = ?[0m  [["shot_id", 1]]
  [1m[35m (0.1ms)[0m  [1m[34mSELECT COUNT(*) FROM "votes" WHERE "votes"."votable_id" = ? AND "votes"."votable_type" = ? AND "votes"."vote_flag" = ?[0m  [["votable_id", 1], ["votable_type", "Shot"], ["vote_flag", "t"]]
  [1m[36mUser Load (0.1ms)[0m  [1m[34mSELECT  "users".* FROM "users" WHERE "users"."id" = ? LIMIT ?[0m  [["id", 1], ["LIMIT", 1]]
  Rendered shots/index.html.erb within layouts/application (81.1ms)
Completed 200 OK in 344ms (Views: 308.6ms | ActiveRecord: 3.3ms)


  [1m[35m (0.1ms)[0m  [1m[34mSELECT "schema_migrations"."version" FROM "schema_migrations" ORDER BY "schema_migrations"."version" ASC[0m
  [1m[36mActiveRecord::InternalMetadata Load (0.1ms)[0m  [1m[34mSELECT  "ar_internal_metadata".* FROM "ar_internal_metadata" WHERE "ar_internal_metadata"."key" = ? LIMIT ?[0m  [["key", "environment"], ["LIMIT", 1]]
  [1m[35m (0.0ms)[0m  [1m[36mbegin transaction[0m
  [1m[35m (0.0ms)[0m  [1m[36mcommit transaction[0m
  [1m[35m (0.1ms)[0m  [1m[34mSELECT "schema_migrations"."version" FROM "schema_migrations" ORDER BY "schema_migrations"."version" ASC[0m
  [1m[35m (0.1ms)[0m  [1m[34m            SELECT sql
            FROM sqlite_master
            WHERE name='index_impressions_on_user_id' AND type='index'
            UNION ALL
            SELECT sql
            FROM sqlite_temp_master
            WHERE name='index_impressions_on_user_id' AND type='index'
[0m
  [1m[35m (0.1ms)[0m  [1m[34m            SELECT sql
            FROM sqlite_master
            WHERE name='poly_params_request_index' AND type='index'
            UNION ALL
            SELECT sql
            FROM sqlite_temp_master
            WHERE name='poly_params_request_index' AND type='index'
[0m
  [1m[35m (0.1ms)[0m  [1m[34m            SELECT sql
            FROM sqlite_master
            WHERE name='controlleraction_session_index' AND type='index'
            UNION ALL
            SELECT sql
            FROM sqlite_temp_master
            WHERE name='controlleraction_session_index' AND type='index'
[0m
  [1m[35m (0.1ms)[0m  [1m[34m            SELECT sql
            FROM sqlite_master
            WHERE name='controlleraction_ip_index' AND type='index'
            UNION ALL
            SELECT sql
            FROM sqlite_temp_master
            WHERE name='controlleraction_ip_index' AND type='index'
[0m
  [1m[35m (0.1ms)[0m  [1m[34m            SELECT sql
            FROM sqlite_master
            WHERE name='controlleraction_request_index' AND type='index'
            UNION ALL
            SELECT sql
            FROM sqlite_temp_master
            WHERE name='controlleraction_request_index' AND type='index'
[0m
  [1m[35m (0.1ms)[0m  [1m[34m            SELECT sql
            FROM sqlite_master
            WHERE name='poly_session_index' AND type='index'
            UNION ALL
            SELECT sql
            FROM sqlite_temp_master
            WHERE name='poly_session_index' AND type='index'
[0m
  [1m[35m (0.1ms)[0m  [1m[34m            SELECT sql
            FROM sqlite_master
            WHERE name='poly_ip_index' AND type='index'
            UNION ALL
            SELECT sql
            FROM sqlite_temp_master
            WHERE name='poly_ip_index' AND type='index'
[0m
  [1m[35m (0.1ms)[0m  [1m[34m            SELECT sql
            FROM sqlite_master
            WHERE name='poly_request_index' AND type='index'
            UNION ALL
            SELECT sql
            FROM sqlite_temp_master
            WHERE name='poly_request_index' AND type='index'
[0m
  [1m[35m (0.1ms)[0m  [1m[34m            SELECT sql
            FROM sqlite_master
            WHERE name='impressionable_type_message_index' AND type='index'
            UNION ALL
            SELECT sql
            FROM sqlite_temp_master
            WHERE name='impressionable_type_message_index' AND type='index'
[0m
  [1m[35m (0.1ms)[0m  [1m[34m            SELECT sql
            FROM sqlite_master
            WHERE name='index_users_on_reset_password_token' AND type='index'
            UNION ALL
            SELECT sql
            FROM sqlite_temp_master
            WHERE name='index_users_on_reset_password_token' AND type='index'
[0m
  [1m[35m (0.1ms)[0m  [1m[34m            SELECT sql
            FROM sqlite_master
            WHERE name='index_users_on_email' AND type='index'
            UNION ALL
            SELECT sql
            FROM sqlite_temp_master
            WHERE name='index_users_on_email' AND type='index'
[0m
  [1m[35m (0.1ms)[0m  [1m[34m            SELECT sql
            FROM sqlite_master
            WHERE name='index_votes_on_votable_id_and_votable_type_and_vote_scope' AND type='index'
            UNION ALL
            SELECT sql
            FROM sqlite_temp_master
            WHERE name='index_votes_on_votable_id_and_votable_type_and_vote_scope' AND type='index'
[0m
  [1m[35m (0.1ms)[0m  [1m[34m            SELECT sql
            FROM sqlite_master
            WHERE name='index_votes_on_voter_id_and_voter_type_and_vote_scope' AND type='index'
            UNION ALL
            SELECT sql
            FROM sqlite_temp_master
            WHERE name='index_votes_on_voter_id_and_voter_type_and_vote_scope' AND type='index'
[0m
